<?xml version="1.0" encoding="UTF-8" ?>
<testsuite tests="4" failures="0" name="com.tonux.unitTestExample.calculator.CalculatorTest" time="0.004" errors="0" skipped="0">
  <properties>
[...]
</properties>
  <testcase classname="com.tonux.unitTestExample.calculator.CalculatorTest" name="testSum" time="0.003"/>
  <testcase classname="com.tonux.unitTestExample.calculator.CalculatorTest" name="testMinus" time="0"/>
  <testcase classname="com.tonux.unitTestExample.calculator.CalculatorTest" name="testDivide" time="0.001"/>
  <testcase classname="com.tonux.unitTestExample.calculator.CalculatorTest" name="testDivideWillThrowExceptionWhenDivideOnZero" time="0"/>
</testsuite>